Sun Aug 31 2014 19:33:18 GMT-0400 (EDT):
{ [Error]
  stack: [Getter/Setter],
  html: 
   { '$': { xmlns: 'http://www.w3.org/1999/xhtml' },
     head: 
      { meta: [Object],
        title: '502 - Web server received an invalid response while acting as a gateway or proxy server.',
        style: [Object] },
     body: { div: [Object] } },
  statusCode: 502,
  __frame: 
   { name: 'doLogStream',
     line: 251,
     file: '/usr/local/lib/node_modules/azure-cli/lib/commands/asm/site.log._js',
     prev: 
      { name: '__2',
        line: 82,
        file: '/usr/local/lib/node_modules/azure-cli/lib/commands/asm/site.log._js',
        prev: undefined,
        active: false,
        offset: 14,
        col: 18 },
     active: false,
     offset: 8,
     col: 11 },
  rawStack: [Getter] }
Error
    at Function.ServiceClient._normalizeError (/usr/local/lib/node_modules/azure-cli/node_modules/azure-common/lib/services/serviceclient.js:785:23)
    at ScmService.ServiceClient._processResponse (/usr/local/lib/node_modules/azure-cli/node_modules/azure-common/lib/services/serviceclient.js:450:41)
    at processResponseCallback (/usr/local/lib/node_modules/azure-cli/node_modules/azure-common/lib/services/serviceclient.js:213:35)
    at IncomingMessage.<anonymous> (/usr/local/lib/node_modules/azure-cli/node_modules/azure-common/lib/services/serviceclient.js:242:17)
    at IncomingMessage.emit (events.js:117:20)
    at _stream_readable.js:943:16
    at process._tickCallback (node.js:419:13)
    at doLogStream (/usr/local/lib/node_modules/azure-cli/lib/commands/asm/site.log._js:259:11)
    at __2 (/usr/local/lib/node_modules/azure-cli/lib/commands/asm/site.log._js:96:18)

